"2023:11:29 18:55:25,381 ERROR Hippodrome : Horses list is null
"2023:11:29 18:55:25,412 ERROR Hippodrome : Horses list is null
"2023:11:29 18:55:25,428 DEBUG Horse : створення Horse, ім'я Horse0, швидкість 1.0
"2023:11:29 18:55:25,429 DEBUG Horse : створення Horse, ім'я Horse1, швидкість 2.0
"2023:11:29 18:55:25,429 DEBUG Horse : створення Horse, ім'я Horse2, швидкість 3.0
"2023:11:29 18:55:25,429 DEBUG Horse : створення Horse, ім'я Horse3, швидкість 4.0
"2023:11:29 18:55:25,430 DEBUG Horse : створення Horse, ім'я Horse4, швидкість 5.0
"2023:11:29 18:55:25,430 DEBUG Horse : створення Horse, ім'я Horse5, швидкість 6.0
"2023:11:29 18:55:25,430 DEBUG Horse : створення Horse, ім'я Horse6, швидкість 7.0
"2023:11:29 18:55:25,431 DEBUG Horse : створення Horse, ім'я Horse7, швидкість 8.0
"2023:11:29 18:55:25,431 DEBUG Horse : створення Horse, ім'я Horse8, швидкість 9.0
"2023:11:29 18:55:25,431 DEBUG Horse : створення Horse, ім'я Horse9, швидкість 10.0
"2023:11:29 18:55:25,432 DEBUG Hippodrome : створення Hippodrome, коней 10
"2023:11:29 18:55:25,442 ERROR Hippodrome : Horses list is empty
"2023:11:29 18:55:25,451 DEBUG Horse : створення Horse, ім'я Horse0, швидкість 1.0
"2023:11:29 18:55:25,452 DEBUG Horse : створення Horse, ім'я Horse1, швидкість 2.0
"2023:11:29 18:55:25,452 DEBUG Horse : створення Horse, ім'я Horse2, швидкість 3.0
"2023:11:29 18:55:25,452 DEBUG Horse : створення Horse, ім'я Horse3, швидкість 4.0
"2023:11:29 18:55:25,453 DEBUG Horse : створення Horse, ім'я Horse4, швидкість 5.0
"2023:11:29 18:55:25,453 DEBUG Horse : створення Horse, ім'я Horse5, швидкість 6.0
"2023:11:29 18:55:25,454 DEBUG Horse : створення Horse, ім'я Horse6, швидкість 7.0
"2023:11:29 18:55:25,454 DEBUG Horse : створення Horse, ім'я Horse7, швидкість 8.0
"2023:11:29 18:55:25,454 DEBUG Horse : створення Horse, ім'я Horse8, швидкість 9.0
"2023:11:29 18:55:25,455 DEBUG Horse : створення Horse, ім'я Horse9, швидкість 10.0
"2023:11:29 18:55:25,455 DEBUG Horse : створення Horse, ім'я Horse10, швидкість 11.0
"2023:11:29 18:55:25,455 DEBUG Horse : створення Horse, ім'я Horse11, швидкість 12.0
"2023:11:29 18:55:25,455 DEBUG Horse : створення Horse, ім'я Horse12, швидкість 13.0
"2023:11:29 18:55:25,456 DEBUG Horse : створення Horse, ім'я Horse13, швидкість 14.0
"2023:11:29 18:55:25,456 DEBUG Horse : створення Horse, ім'я Horse14, швидкість 15.0
"2023:11:29 18:55:25,456 DEBUG Horse : створення Horse, ім'я Horse15, швидкість 16.0
"2023:11:29 18:55:25,456 DEBUG Horse : створення Horse, ім'я Horse16, швидкість 17.0
"2023:11:29 18:55:25,457 DEBUG Horse : створення Horse, ім'я Horse17, швидкість 18.0
"2023:11:29 18:55:25,457 DEBUG Horse : створення Horse, ім'я Horse18, швидкість 19.0
"2023:11:29 18:55:25,457 DEBUG Horse : створення Horse, ім'я Horse19, швидкість 20.0
"2023:11:29 18:55:25,457 DEBUG Horse : створення Horse, ім'я Horse20, швидкість 21.0
"2023:11:29 18:55:25,458 DEBUG Horse : створення Horse, ім'я Horse21, швидкість 22.0
"2023:11:29 18:55:25,458 DEBUG Horse : створення Horse, ім'я Horse22, швидкість 23.0
"2023:11:29 18:55:25,458 DEBUG Horse : створення Horse, ім'я Horse23, швидкість 24.0
"2023:11:29 18:55:25,458 DEBUG Horse : створення Horse, ім'я Horse24, швидкість 25.0
"2023:11:29 18:55:25,459 DEBUG Horse : створення Horse, ім'я Horse25, швидкість 26.0
"2023:11:29 18:55:25,459 DEBUG Horse : створення Horse, ім'я Horse26, швидкість 27.0
"2023:11:29 18:55:25,459 DEBUG Horse : створення Horse, ім'я Horse27, швидкість 28.0
"2023:11:29 18:55:25,460 DEBUG Horse : створення Horse, ім'я Horse28, швидкість 29.0
"2023:11:29 18:55:25,460 DEBUG Horse : створення Horse, ім'я Horse29, швидкість 30.0
"2023:11:29 18:55:25,460 DEBUG Hippodrome : створення Hippodrome, коней 30
"2023:11:29 18:55:25,466 ERROR Hippodrome : Horses list is empty
"2023:11:29 18:55:27,440 DEBUG Hippodrome : створення Hippodrome, коней 50
"2023:11:29 18:55:27,795 DEBUG Horse : створення Horse, ім'я Buran, швидкість 1.1
"2023:11:29 18:55:27,795 DEBUG Horse : створення Horse, ім'я Buran, швидкість 1.1
"2023:11:29 18:55:28,095 ERROR Horse : Speed is negative
"2023:11:29 18:55:28,123 ERROR Horse : Name is blank
"2023:11:29 18:55:28,132 ERROR Horse : Name is blank
"2023:11:29 18:55:28,141 ERROR Horse : Name is blank
"2023:11:29 18:55:28,153 ERROR Horse : Distance is negative
"2023:11:29 18:55:28,179 DEBUG Horse : створення Horse, ім'я Lipa, швидкість 2.0
"2023:11:29 18:55:28,213 DEBUG Horse : створення Horse, ім'я Lipa, швидкість 3.0
"2023:11:29 18:55:28,222 DEBUG Horse : створення Horse, ім'я Lipa, швидкість 4.0
"2023:11:29 18:55:28,238 ERROR Horse : Speed is negative
"2023:11:29 18:55:28,253 ERROR Horse : Name is null
"2023:11:29 18:55:28,266 ERROR Horse : Distance is negative
"2023:11:29 18:55:28,272 DEBUG Horse : створення Horse, ім'я Lipa, швидкість 1.0
"2023:11:29 18:55:28,280 DEBUG Horse : створення Horse, ім'я Buran, швидкість 1.1
"2023:11:29 18:55:28,285 DEBUG Horse : створення Horse, ім'я Buran, швидкість 1.1
"2023:11:29 18:55:28,299 ERROR Horse : Name is null
"2023:11:29 18:55:28,334 ERROR Horse : Name is blank
"2023:11:29 18:55:28,343 ERROR Horse : Name is blank
"2023:11:29 18:55:28,353 ERROR Horse : Name is blank
"2023:11:29 18:55:28,408 DEBUG Horse : створення Horse, ім'я Bucephalus, швидкість 2.4
"2023:11:29 18:55:28,409 DEBUG Horse : створення Horse, ім'я Ace of Spades, швидкість 2.5
"2023:11:29 18:55:28,409 DEBUG Horse : створення Horse, ім'я Zephyr, швидкість 2.6
"2023:11:29 18:55:28,410 DEBUG Horse : створення Horse, ім'я Blaze, швидкість 2.7
"2023:11:29 18:55:28,410 DEBUG Horse : створення Horse, ім'я Lobster, швидкість 2.8
"2023:11:29 18:55:28,410 DEBUG Horse : створення Horse, ім'я Pegasus, швидкість 2.9
"2023:11:29 18:55:28,411 DEBUG Horse : створення Horse, ім'я Cherry, швидкість 3.0
"2023:11:29 18:55:28,411 DEBUG Hippodrome : створення Hippodrome, коней 7
"2023:11:29 18:55:28,412 INFO  Main : Початок стрибків. Кількість учасників: 7
"2023:11:29 18:55:48,628 INFO  Main : Закінчення стрибків. Переможець: Pegasus
